<?xml version="1.0" encoding="UTF-8"?>
<!-- Generated by org.testng.reporters.JUnitReportReporter -->
<testsuite hostname="DESKTOP-CF55BG5" failures="0" tests="3" name="com.alj.testcases.LoginPageTest" time="20.004" errors="0" timestamp="2024-10-24T13:05:32 IST" skipped="0">
  <testcase classname="com.alj.testcases.LoginPageTest" name="loginpagePageTitle" time="6.977"/>
  <testcase classname="com.alj.testcases.LoginPageTest" name="AppianLogoImageTest" time="4.826"/>
  <testcase classname="com.alj.testcases.LoginPageTest" name="LoginDetailsTest" time="8.201"/>
</testsuite> <!-- com.alj.testcases.LoginPageTest -->
