<?xml version="1.0" encoding="UTF-8"?>
<!-- Generated by org.testng.reporters.JUnitReportReporter -->
<testsuite hostname="MansoorHassan" failures="0" tests="3" name="com.alj.testcases.LoginPageTest" time="23.924" errors="0" timestamp="2024-10-24T00:32:28 IST" skipped="0">
  <testcase classname="com.alj.testcases.LoginPageTest" name="loginpagePageTitle" time="1.578"/>
  <testcase classname="com.alj.testcases.LoginPageTest" name="AppianLogoImageTest" time="3.310"/>
  <testcase classname="com.alj.testcases.LoginPageTest" name="LoginDetailsTest" time="19.036"/>
</testsuite> <!-- com.alj.testcases.LoginPageTest -->
